mode: set
github.com/Gideon-isa/bookings/cmd/web/main.go:22.13,24.16 2 0
github.com/Gideon-isa/bookings/cmd/web/main.go:28.2,37.16 4 0
github.com/Gideon-isa/bookings/cmd/web/main.go:24.16,26.3 1 0
github.com/Gideon-isa/bookings/cmd/web/main.go:41.18,58.16 11 1
github.com/Gideon-isa/bookings/cmd/web/main.go:66.2,73.12 6 1
github.com/Gideon-isa/bookings/cmd/web/main.go:58.16,64.3 3 0
github.com/Gideon-isa/bookings/cmd/web/middleware.go:17.45,28.2 3 1
github.com/Gideon-isa/bookings/cmd/web/middleware.go:31.50,33.2 1 1
github.com/Gideon-isa/bookings/cmd/web/routes.go:12.49,41.2 18 1
