mode: set
github.com/Gideon-isa/bookings/internal/forms/errors.go:6.44,9.2 1 1
github.com/Gideon-isa/bookings/internal/forms/errors.go:12.42,14.18 2 1
github.com/Gideon-isa/bookings/internal/forms/errors.go:17.2,17.14 1 1
github.com/Gideon-isa/bookings/internal/forms/errors.go:14.18,16.3 1 1
github.com/Gideon-isa/bookings/internal/forms/forms.go:18.29,20.2 1 1
github.com/Gideon-isa/bookings/internal/forms/forms.go:23.33,28.2 1 1
github.com/Gideon-isa/bookings/internal/forms/forms.go:31.43,32.31 1 1
github.com/Gideon-isa/bookings/internal/forms/forms.go:32.31,35.37 2 1
github.com/Gideon-isa/bookings/internal/forms/forms.go:35.37,37.4 1 1
github.com/Gideon-isa/bookings/internal/forms/forms.go:42.39,44.13 2 1
github.com/Gideon-isa/bookings/internal/forms/forms.go:49.2,49.13 1 1
github.com/Gideon-isa/bookings/internal/forms/forms.go:44.13,47.3 2 1
github.com/Gideon-isa/bookings/internal/forms/forms.go:53.57,55.21 2 1
github.com/Gideon-isa/bookings/internal/forms/forms.go:60.2,60.13 1 1
github.com/Gideon-isa/bookings/internal/forms/forms.go:55.21,58.3 2 1
github.com/Gideon-isa/bookings/internal/forms/forms.go:64.38,65.40 1 1
github.com/Gideon-isa/bookings/internal/forms/forms.go:65.40,67.3 1 1
